0 info it worked if it ends with ok
1 verbose cli [ '/usr/local/bin/node', '/usr/local/bin/npm', 'run', 'watch' ]
2 info using npm@3.10.10
3 info using node@v6.10.3
4 verbose run-script [ 'prewatch', 'watch', 'postwatch' ]
5 info lifecycle karmacss.com@0.0.0~prewatch: karmacss.com@0.0.0
6 silly lifecycle karmacss.com@0.0.0~prewatch: no script for prewatch, continuing
7 info lifecycle karmacss.com@0.0.0~watch: karmacss.com@0.0.0
8 verbose lifecycle karmacss.com@0.0.0~watch: unsafe-perm in lifecycle true
9 verbose lifecycle karmacss.com@0.0.0~watch: PATH: /usr/local/lib/node_modules/npm/bin/node-gyp-bin:/Users/stuartgeorge/ENV/wagtailstreamforms/node_modules/.bin:/usr/local/Cellar/pyenv-virtualenv/1.1.1/shims:/Users/stuartgeorge/.pyenv/shims:/Users/stuartgeorge/.npm-global-pkg/bin:/usr/local/bin:/usr/bin:/bin:/usr/sbin:/sbin:/usr/local/Cellar/pyenv-virtualenv/1.1.1/shims:/Users/stuartgeorge/.pyenv/shims:/Users/stuartgeorge/.npm-global-pkg/bin
10 verbose lifecycle karmacss.com@0.0.0~watch: CWD: /Users/stuartgeorge/ENV/wagtailstreamforms
11 silly lifecycle karmacss.com@0.0.0~watch: Args: [ '-c', 'gulp watch' ]
12 silly lifecycle karmacss.com@0.0.0~watch: Returned: code: 1  signal: null
13 info lifecycle karmacss.com@0.0.0~watch: Failed to exec watch script
14 verbose stack Error: karmacss.com@0.0.0 watch: `gulp watch`
14 verbose stack Exit status 1
14 verbose stack     at EventEmitter.<anonymous> (/usr/local/lib/node_modules/npm/lib/utils/lifecycle.js:255:16)
14 verbose stack     at emitTwo (events.js:106:13)
14 verbose stack     at EventEmitter.emit (events.js:191:7)
14 verbose stack     at ChildProcess.<anonymous> (/usr/local/lib/node_modules/npm/lib/utils/spawn.js:40:14)
14 verbose stack     at emitTwo (events.js:106:13)
14 verbose stack     at ChildProcess.emit (events.js:191:7)
14 verbose stack     at maybeClose (internal/child_process.js:886:16)
14 verbose stack     at Process.ChildProcess._handle.onexit (internal/child_process.js:226:5)
15 verbose pkgid karmacss.com@0.0.0
16 verbose cwd /Users/stuartgeorge/ENV/wagtailstreamforms
17 error Darwin 17.0.0
18 error argv "/usr/local/bin/node" "/usr/local/bin/npm" "run" "watch"
19 error node v6.10.3
20 error npm  v3.10.10
21 error code ELIFECYCLE
22 error karmacss.com@0.0.0 watch: `gulp watch`
22 error Exit status 1
23 error Failed at the karmacss.com@0.0.0 watch script 'gulp watch'.
23 error Make sure you have the latest version of node.js and npm installed.
23 error If you do, this is most likely a problem with the karmacss.com package,
23 error not with npm itself.
23 error Tell the author that this fails on your system:
23 error     gulp watch
23 error You can get information on how to open an issue for this project with:
23 error     npm bugs karmacss.com
23 error Or if that isn't available, you can get their info via:
23 error     npm owner ls karmacss.com
23 error There is likely additional logging output above.
24 verbose exit [ 1, true ]
